2022-07-21 16:28:21 INFO  BaseClass:14 - URL is opened
  2022-07-21 16:28:22 INFO  BaseClass:17 - Username entered
  2022-07-21 16:28:23 INFO  BaseClass:19 - Password entered
  2022-07-21 16:28:23 INFO  BaseClass:24 - Login Test Passed
  2022-07-21 16:34:33 INFO  BaseClass:18 - google page is opened
  2022-07-21 16:34:38 INFO  BaseClass:21 - Sign in clicked
  2022-07-21 16:34:40 INFO  BaseClass:23 - email id is entered
  2022-07-21 16:34:40 INFO  BaseClass:28 - Password is entered
  2022-07-21 16:38:48 INFO  BaseClass:14 - URL is opened
  2022-07-21 16:38:53 INFO  BaseClass:17 - Username entered
  2022-07-21 16:38:53 INFO  BaseClass:19 - Password entered
  2022-07-21 16:38:53 INFO  BaseClass:24 - Login Test Passed
  2022-07-21 16:39:07 INFO  BaseClass:18 - google page is opened
  2022-07-21 16:39:21 INFO  BaseClass:21 - Sign in clicked
  2022-07-21 16:39:37 INFO  BaseClass:23 - email id is entered
  2022-07-21 16:39:37 INFO  BaseClass:28 - Password is entered
  2022-07-21 16:41:19 INFO  BaseClass:18 - google page is opened
  2022-07-21 16:41:21 INFO  BaseClass:14 - URL is opened
  2022-07-21 16:41:23 INFO  BaseClass:21 - Sign in clicked
  2022-07-21 16:41:25 INFO  BaseClass:23 - email id is entered
  2022-07-21 16:41:25 INFO  BaseClass:28 - Password is entered
  2022-07-21 16:42:22 INFO  BaseClass:18 - google page is opened
  2022-07-21 16:42:23 INFO  BaseClass:14 - URL is opened
  2022-07-21 16:42:26 INFO  BaseClass:21 - Sign in clicked
  2022-07-21 16:45:08 INFO  BaseClass:14 - URL is opened
  2022-07-21 16:45:09 INFO  BaseClass:17 - Username entered
  2022-07-21 16:45:11 INFO  BaseClass:19 - Password entered
  2022-07-21 16:45:11 INFO  BaseClass:24 - Login Test Passed
  2022-07-21 16:46:07 INFO  BaseClass:18 - google page is opened
  2022-07-21 16:46:11 INFO  BaseClass:21 - Sign in clicked
  2022-07-21 16:46:11 INFO  BaseClass:23 - email id is entered
  2022-07-21 16:46:11 INFO  BaseClass:28 - Password is entered
  2022-07-21 16:46:13 INFO  BaseClass:14 - URL is opened
  2022-07-21 16:49:11 INFO  BaseClass:14 - URL is opened
  2022-07-21 16:49:11 INFO  BaseClass:17 - Username entered
  2022-07-21 16:49:12 INFO  BaseClass:19 - Password entered
  2022-07-21 16:49:12 INFO  BaseClass:24 - Login Test Passed
  2022-07-21 16:49:21 INFO  BaseClass:18 - google page is opened
  2022-07-21 16:49:23 INFO  BaseClass:21 - Sign in clicked
  2022-07-21 16:49:24 INFO  BaseClass:23 - email id is entered
  2022-07-21 16:49:24 INFO  BaseClass:28 - Password is entered
  2022-07-21 16:50:25 INFO  BaseClass:14 - URL is opened
  2022-07-21 16:50:27 INFO  BaseClass:17 - Username entered
  2022-07-21 16:50:27 INFO  BaseClass:19 - Password entered
  2022-07-21 16:50:27 INFO  BaseClass:24 - Login Test Passed
  2022-07-21 16:50:35 INFO  BaseClass:18 - google page is opened
  2022-07-21 16:50:37 INFO  BaseClass:21 - Sign in clicked
  2022-07-21 16:50:38 INFO  BaseClass:23 - email id is entered
  2022-07-21 16:50:38 INFO  BaseClass:28 - Password is entered
  2022-07-21 16:53:23 INFO  BaseClass:14 - URL is opened
  2022-07-21 16:53:25 INFO  BaseClass:17 - Username entered
  2022-07-21 16:53:25 INFO  BaseClass:19 - Password entered
  2022-07-21 16:53:25 INFO  BaseClass:24 - Login Test Passed
  2022-07-21 16:53:33 INFO  BaseClass:18 - google page is opened
  2022-07-21 16:53:35 INFO  BaseClass:21 - Sign in clicked
  2022-07-21 16:53:35 INFO  BaseClass:23 - email id is entered
  2022-07-21 16:53:35 INFO  BaseClass:28 - Password is entered
  2022-07-21 16:55:50 INFO  BaseClass:18 - google page is opened
  2022-07-21 16:55:52 INFO  BaseClass:21 - Sign in clicked
  2022-07-21 16:55:52 INFO  BaseClass:23 - email id is entered
  2022-07-21 16:55:52 INFO  BaseClass:28 - Password is entered
  2022-07-21 16:56:11 INFO  BaseClass:14 - URL is opened
  2022-07-21 16:56:13 INFO  BaseClass:17 - Username entered
  2022-07-21 16:56:13 INFO  BaseClass:19 - Password entered
  2022-07-21 16:56:13 INFO  BaseClass:24 - Login Test Passed
  2022-07-21 16:56:19 INFO  BaseClass:18 - google page is opened
  2022-07-21 16:56:21 INFO  BaseClass:21 - Sign in clicked
  2022-07-21 16:56:21 INFO  BaseClass:23 - email id is entered
  2022-07-21 16:56:21 INFO  BaseClass:28 - Password is entered
  2022-07-21 16:57:35 INFO  BaseClass:14 - URL is opened
  2022-07-21 16:57:37 INFO  BaseClass:17 - Username entered
  2022-07-21 16:57:37 INFO  BaseClass:19 - Password entered
  2022-07-21 16:57:37 INFO  BaseClass:24 - Login Test Passed
  2022-07-21 16:57:43 INFO  BaseClass:18 - google page is opened
  2022-07-21 16:57:46 INFO  BaseClass:21 - Sign in clicked
  2022-07-21 16:57:47 INFO  BaseClass:23 - email id is entered
  2022-07-21 16:57:47 INFO  BaseClass:28 - Password is entered
  2022-07-21 16:58:23 INFO  BaseClass:14 - URL is opened
  2022-07-21 16:58:25 INFO  BaseClass:18 - google page is opened
  2022-07-21 16:58:28 INFO  BaseClass:21 - Sign in clicked
  2022-07-21 16:58:47 INFO  BaseClass:18 - google page is opened
  2022-07-21 16:58:51 INFO  BaseClass:14 - URL is opened
  2022-07-21 16:59:25 INFO  BaseClass:18 - google page is opened
  2022-07-21 16:59:37 INFO  BaseClass:14 - URL is opened
  2022-07-21 16:59:37 INFO  BaseClass:21 - Sign in clicked
  2022-07-21 16:59:57 INFO  BaseClass:18 - google page is opened
  2022-07-21 16:59:59 INFO  BaseClass:14 - URL is opened
  2022-07-21 17:00:31 INFO  BaseClass:18 - google page is opened
  2022-07-21 17:00:35 INFO  BaseClass:14 - URL is opened
  2022-07-21 17:01:34 INFO  BaseClass:14 - URL is opened
  2022-07-21 17:01:35 INFO  BaseClass:17 - Username entered
  2022-07-21 17:01:35 INFO  BaseClass:19 - Password entered
  2022-07-21 17:01:35 INFO  BaseClass:24 - Login Test Passed
  2022-07-21 17:01:42 INFO  BaseClass:18 - google page is opened
  2022-07-21 17:01:43 INFO  BaseClass:21 - Sign in clicked
  2022-07-21 17:01:44 INFO  BaseClass:23 - email id is entered
  2022-07-21 17:01:44 INFO  BaseClass:28 - Password is entered
  2022-07-21 17:02:46 INFO  BaseClass:18 - google page is opened
  2022-07-21 17:02:50 INFO  BaseClass:21 - Sign in clicked
  2022-07-21 17:02:51 INFO  BaseClass:23 - email id is entered
  2022-07-21 17:02:51 INFO  BaseClass:28 - Password is entered
  2022-07-21 17:02:53 INFO  BaseClass:14 - URL is opened
  2022-07-21 17:03:58 INFO  BaseClass:18 - google page is opened
  2022-07-21 17:03:59 INFO  BaseClass:14 - URL is opened
  2022-07-21 17:04:03 INFO  BaseClass:17 - Username entered
  2022-07-21 17:04:03 INFO  BaseClass:19 - Password entered
  2022-07-21 17:04:03 INFO  BaseClass:24 - Login Test Passed
  2022-07-21 17:06:17 INFO  BaseClass:18 - google page is opened
  2022-07-21 17:06:20 INFO  BaseClass:21 - Sign in clicked
  2022-07-21 17:06:20 INFO  BaseClass:23 - email id is entered
  2022-07-21 17:06:20 INFO  BaseClass:28 - Password is entered
  2022-07-21 17:06:22 INFO  BaseClass:14 - URL is opened
  2022-07-21 17:06:51 INFO  BaseClass:18 - google page is opened
  2022-07-21 17:06:53 INFO  BaseClass:21 - Sign in clicked
  2022-07-21 17:06:53 INFO  BaseClass:23 - email id is entered
  2022-07-21 17:06:53 INFO  BaseClass:28 - Password is entered
  2022-07-21 17:07:02 INFO  BaseClass:14 - URL is opened
  2022-07-21 17:07:02 INFO  BaseClass:17 - Username entered
  2022-07-21 17:07:04 INFO  BaseClass:19 - Password entered
  2022-07-21 17:07:04 INFO  BaseClass:24 - Login Test Passed
  2022-07-21 17:08:25 INFO  BaseClass:18 - google page is opened
  2022-07-21 17:08:33 INFO  BaseClass:14 - URL is opened
  2022-07-21 17:08:57 INFO  BaseClass:18 - google page is opened
  2022-07-21 17:08:58 INFO  BaseClass:14 - URL is opened
  2022-07-21 17:09:01 INFO  BaseClass:17 - Username entered
  2022-07-21 17:10:53 INFO  BaseClass:14 - URL is opened
  2022-07-21 17:10:56 INFO  BaseClass:18 - google page is opened
  2022-07-21 17:12:35 INFO  BaseClass:20 - google page is opened
  2022-07-21 17:12:38 INFO  BaseClass:23 - Sign in clicked
  2022-07-21 17:12:39 INFO  BaseClass:25 - email id is entered
  2022-07-21 17:12:39 INFO  BaseClass:30 - Password is entered
  2022-07-21 17:12:41 INFO  BaseClass:14 - URL is opened
  2022-07-21 17:14:53 INFO  BaseClass:20 - google page is opened
  2022-07-21 17:14:55 INFO  BaseClass:14 - URL is opened
  2022-07-21 17:15:07 INFO  BaseClass:17 - Username entered
  2022-07-21 17:16:13 INFO  BaseClass:20 - google page is opened
  2022-07-21 17:16:16 INFO  BaseClass:23 - Sign in clicked
  2022-07-21 17:16:17 INFO  BaseClass:25 - email id is entered
  2022-07-21 17:16:17 INFO  BaseClass:30 - Password is entered
  2022-07-21 17:16:18 INFO  BaseClass:14 - URL is opened
  2022-07-21 17:17:28 INFO  BaseClass:20 - google page is opened
  2022-07-21 17:17:30 INFO  BaseClass:23 - Sign in clicked
  2022-07-21 17:17:31 INFO  BaseClass:25 - email id is entered
  2022-07-21 17:17:31 INFO  BaseClass:30 - Password is entered
  2022-07-21 17:17:39 INFO  BaseClass:14 - URL is opened
  2022-07-21 17:17:39 INFO  BaseClass:17 - Username entered
  2022-07-21 17:17:40 INFO  BaseClass:19 - Password entered
  2022-07-21 17:17:40 INFO  BaseClass:24 - Login Test Passed
  2022-07-21 17:20:03 INFO  BaseClass:20 - google page is opened
  2022-07-21 17:20:06 INFO  BaseClass:23 - Sign in clicked
  2022-07-21 17:20:07 INFO  BaseClass:25 - email id is entered
  2022-07-21 17:20:07 INFO  BaseClass:30 - Password is entered
  2022-07-21 17:20:09 INFO  BaseClass:14 - URL is opened
  2022-07-21 17:20:56 INFO  BaseClass:14 - URL is opened
  2022-07-21 17:20:58 INFO  BaseClass:20 - google page is opened
  2022-07-21 17:22:18 INFO  BaseClass:14 - URL is opened
  2022-07-21 17:22:18 INFO  BaseClass:17 - Username entered
  2022-07-21 17:22:18 INFO  BaseClass:19 - Password entered
  2022-07-21 17:22:18 INFO  BaseClass:24 - Login Test Passed
  2022-07-21 17:22:24 INFO  BaseClass:20 - google page is opened
  2022-07-21 17:22:26 INFO  BaseClass:23 - Sign in clicked
  2022-07-21 17:22:27 INFO  BaseClass:25 - email id is entered
  2022-07-21 17:22:27 INFO  BaseClass:30 - Password is entered
  2022-07-21 17:25:22 INFO  BaseClass:20 - google page is opened
  2022-07-21 17:25:29 INFO  BaseClass:14 - URL is opened
  2022-07-21 17:26:03 INFO  BaseClass:20 - google page is opened
  2022-07-21 17:26:06 INFO  BaseClass:23 - Sign in clicked
  2022-07-21 17:26:07 INFO  BaseClass:25 - email id is entered
  2022-07-21 17:26:07 INFO  BaseClass:30 - Password is entered
  2022-07-21 17:26:10 INFO  BaseClass:14 - URL is opened
  2022-07-21 17:27:08 INFO  BaseClass:20 - google page is opened
  2022-07-21 17:27:12 INFO  BaseClass:17 - URL is opened
  2022-07-21 17:30:04 INFO  BaseClass:20 - google page is opened
  2022-07-21 17:30:05 INFO  BaseClass:17 - URL is opened
  2022-07-21 17:30:16 INFO  BaseClass:20 - Username entered
  2022-07-21 17:30:53 INFO  BaseClass:17 - URL is opened
  2022-07-21 17:30:53 INFO  BaseClass:20 - Username entered
  2022-07-21 17:30:54 INFO  BaseClass:22 - Password entered
  2022-07-21 17:30:55 INFO  BaseClass:27 - Login Test Passed
  2022-07-21 17:31:00 INFO  BaseClass:20 - google page is opened
  2022-07-21 17:31:02 INFO  BaseClass:23 - Sign in clicked
  2022-07-21 17:31:03 INFO  BaseClass:25 - email id is entered
  2022-07-21 17:31:03 INFO  BaseClass:30 - Password is entered
  2022-07-21 17:31:32 INFO  BaseClass:20 - google page is opened
  2022-07-21 17:31:34 INFO  BaseClass:17 - URL is opened
  2022-07-21 17:31:45 INFO  BaseClass:20 - Username entered
  2022-07-21 17:32:15 INFO  BaseClass:17 - URL is opened
  